Build started 6/8/2016 8:51:00 PM.
     1>Project "C:\Users\Yulia\Documents\Notepad++\Resume_Website\C++\ybachman_Final_Project(Shout-Out)\ybachman_Final_Project\ybachman_Final_Project.vcxproj" on node 2 (Build target(s)).
     1>ClCompile:
         C:\Program Files (x86)\Microsoft Visual Studio 12.0\VC\bin\CL.exe /c /ZI /nologo /W3 /WX- /sdl /Od /Oy- /D _MBCS /Gm /EHsc /RTC1 /MDd /GS /fp:precise /Zc:wchar_t /Zc:forScope /Fo"Debug\\" /Fd"Debug\vc120.pdb" /Gd /TP /analyze- /errorReport:prompt driver.cpp Message.cpp sff_Holder.cpp ShoutOut.cpp StartMenu.cpp User.cpp UserMenu.cpp
         UserMenu.cpp
         User.cpp
         StartMenu.cpp
         ShoutOut.cpp
         sff_Holder.cpp
         Message.cpp
         driver.cpp
         Generating Code...
       Link:
         C:\Program Files (x86)\Microsoft Visual Studio 12.0\VC\bin\link.exe /ERRORREPORT:PROMPT /OUT:"C:\Users\Yulia\Documents\Notepad++\Resume_Website\C++\ybachman_Final_Project(Shout-Out)\Debug\ybachman_Final_Project.exe" /INCREMENTAL /NOLOGO kernel32.lib user32.lib gdi32.lib winspool.lib comdlg32.lib advapi32.lib shell32.lib ole32.lib oleaut32.lib uuid.lib odbc32.lib odbccp32.lib /MANIFEST /MANIFESTUAC:"level='asInvoker' uiAccess='false'" /manifest:embed /DEBUG /PDB:"C:\Users\Yulia\Documents\Notepad++\Resume_Website\C++\ybachman_Final_Project(Shout-Out)\Debug\ybachman_Final_Project.pdb" /TLBID:1 /DYNAMICBASE /NXCOMPAT /IMPLIB:"C:\Users\Yulia\Documents\Notepad++\Resume_Website\C++\ybachman_Final_Project(Shout-Out)\Debug\ybachman_Final_Project.lib" /MACHINE:X86 Debug\driver.obj
         Debug\Message.obj
         Debug\sff_Holder.obj
         Debug\ShoutOut.obj
         Debug\StartMenu.obj
         Debug\User.obj
         Debug\UserMenu.obj
         ybachman_Final_Project.vcxproj -> C:\Users\Yulia\Documents\Notepad++\Resume_Website\C++\ybachman_Final_Project(Shout-Out)\Debug\ybachman_Final_Project.exe
     1>Done Building Project "C:\Users\Yulia\Documents\Notepad++\Resume_Website\C++\ybachman_Final_Project(Shout-Out)\ybachman_Final_Project\ybachman_Final_Project.vcxproj" (Build target(s)).

Build succeeded.

Time Elapsed 00:00:13.08
